  Application.cpp
  Ball.cpp
  DeadScene.cpp
  GameObject.cpp
  House.cpp
  Map.cpp
C:\Users\sangy\source\repos\PushPush\PushPush\Map.cpp(100,11): warning C4311: '형식 캐스트': 'void *'에서 'int'(으)로 포인터가 잘립니다.
C:\Users\sangy\source\repos\PushPush\PushPush\Map.cpp(100,11): warning C4302: '형식 캐스트': 'void *'에서 'int'(으)로 잘립니다.
C:\Users\sangy\source\repos\PushPush\PushPush\Map.cpp(145,8): error C2666: 'Vector2::operator ==': 오버로드된 함수에 유사한 변환이 있습니다.
C:\Users\sangy\source\repos\PushPush\PushPush\yaMath.h(43,7): message : 'bool Vector2::operator ==(const Vector2 &)'일 수 있습니다.
C:\Program Files (x86)\Windows Kits\10\Include\10.0.22621.0\shared\guiddef.h(192,15): message : 또는       'bool operator ==(const GUID &,const GUID &)'
C:\Users\sangy\source\repos\PushPush\PushPush\yaMath.h(43,7): message : 또는 'bool Vector2::operator ==(const Vector2 &)' [합성된 식 'y == x']
C:\Program Files (x86)\Windows Kits\10\Include\10.0.22621.0\shared\guiddef.h(192,15): message : 또는 'bool operator ==(const GUID &,const GUID &)' [합성된 식 'y == x']
C:\Users\sangy\source\repos\PushPush\PushPush\Map.cpp(145,8): message : 인수 목록 '(Pos, Pos)'을(를) 일치시키는 동안
  Main.cpp
  Player.cpp
C:\Users\sangy\source\repos\PushPush\PushPush\Player.cpp(75,7): error C2666: 'Vector2::operator ==': 오버로드된 함수에 유사한 변환이 있습니다.
C:\Users\sangy\source\repos\PushPush\PushPush\yaMath.h(43,7): message : 'bool Vector2::operator ==(const Vector2 &)'일 수 있습니다.
C:\Program Files (x86)\Windows Kits\10\Include\10.0.22621.0\shared\guiddef.h(192,15): message : 또는       'bool operator ==(const GUID &,const GUID &)'
C:\Users\sangy\source\repos\PushPush\PushPush\yaMath.h(43,7): message : 또는 'bool Vector2::operator ==(const Vector2 &)' [합성된 식 'y == x']
C:\Program Files (x86)\Windows Kits\10\Include\10.0.22621.0\shared\guiddef.h(192,15): message : 또는 'bool operator ==(const GUID &,const GUID &)' [합성된 식 'y == x']
C:\Users\sangy\source\repos\PushPush\PushPush\Player.cpp(75,7): message : 인수 목록 '(Vector2, Pos)'을(를) 일치시키는 동안
  PlayScene.cpp
  Scene.cpp
  Sound.cpp
  Stage.cpp
C:\Users\sangy\source\repos\PushPush\PushPush\Stage.cpp(45,33): warning C4267: '인수': 'size_t'에서 'int'(으)로 변환하면서 데이터가 손실될 수 있습니다.
C:\Users\sangy\source\repos\PushPush\PushPush\Stage.cpp(45,30): warning C4267: '인수': 'size_t'에서 'int'(으)로 변환하면서 데이터가 손실될 수 있습니다.
C:\Users\sangy\source\repos\PushPush\PushPush\Stage.cpp(47,34): warning C4267: '인수': 'size_t'에서 'int'(으)로 변환하면서 데이터가 손실될 수 있습니다.
C:\Users\sangy\source\repos\PushPush\PushPush\Stage.cpp(47,31): warning C4267: '인수': 'size_t'에서 'int'(으)로 변환하면서 데이터가 손실될 수 있습니다.
  TitleScene.cpp
  코드를 생성하고 있습니다...
