c:\users\sangy\source\repos\pushpush\pushpush\x64\debug\vc142.pdb
c:\users\sangy\source\repos\pushpush\pushpush\x64\debug\vc142.idb
c:\users\sangy\source\repos\pushpush\pushpush\x64\debug\titlescene.obj
c:\users\sangy\source\repos\pushpush\pushpush\x64\debug\player.obj
c:\users\sangy\source\repos\pushpush\pushpush\x64\debug\main.obj
c:\users\sangy\source\repos\pushpush\pushpush\x64\debug\playscene.obj
c:\users\sangy\source\repos\pushpush\pushpush\x64\debug\map.obj
c:\users\sangy\source\repos\pushpush\pushpush\x64\debug\scene.obj
c:\users\sangy\source\repos\pushpush\pushpush\x64\debug\gameobject.obj
c:\users\sangy\source\repos\pushpush\pushpush\x64\debug\deadscene.obj
c:\users\sangy\source\repos\pushpush\pushpush\x64\debug\ball.obj
c:\users\sangy\source\repos\pushpush\pushpush\x64\debug\application.obj
c:\users\sangy\source\repos\pushpush\pushpush\x64\debug\stage.obj
c:\users\sangy\source\repos\pushpush\pushpush\x64\debug\house.obj
c:\users\sangy\source\repos\pushpush\pushpush\x64\debug\sound.obj
c:\users\sangy\source\repos\pushpush\x64\debug\pushpush.exe
c:\users\sangy\source\repos\pushpush\pushpush\x64\debug\pushpush.ilk
c:\users\sangy\source\repos\pushpush\x64\debug\pushpush.pdb
c:\users\sangy\source\repos\pushpush\pushpush\x64\debug\yavector.obj
c:\users\sangy\source\repos\pushpush\pushpush\x64\debug\main.obj.enc
c:\users\sangy\source\repos\pushpush\pushpush\x64\debug\pushpush.tlog\cl.command.1.tlog
c:\users\sangy\source\repos\pushpush\pushpush\x64\debug\pushpush.tlog\cl.read.1.tlog
c:\users\sangy\source\repos\pushpush\pushpush\x64\debug\pushpush.tlog\cl.write.1.tlog
c:\users\sangy\source\repos\pushpush\pushpush\x64\debug\pushpush.tlog\link.command.1.tlog
c:\users\sangy\source\repos\pushpush\pushpush\x64\debug\pushpush.tlog\link.read.1.tlog
c:\users\sangy\source\repos\pushpush\pushpush\x64\debug\pushpush.tlog\link.write.1.tlog
